INFO: Environment Variables: 

INFO: 	ORACLE_HOME = C:\app\Siddh\product\18.0.0\dbhomeXE

INFO: 	PATH = C:\Users\Siddh\AppData\Local\Temp\deinstall2021-03-17_11-25-00AM\bin;C:\WINDOWS\system32;C:\WINDOWS;C:\WINDOWS\System32\Wbem

INFO: 	CLASSPATH = 

INFO: Username:Siddh

INFO: Creating a new Install area Control for this inventory session with new  access level  0

INFO: Install area Control created with access level  0

INFO: Creating a new Install area Control for this inventory session with new  access level  2

INFO: Install area Control created with access level  2

INFO: Creating a new Install area Control for this inventory session with new  access level  2

INFO: Install area Control created with access level  2

INFO: 
=================================================================JVM PROPERTIES===========================================================
oracle.installer.warningonremovefiles = true
oracle.installer.removeHome = false
file.encoding.pkg = sun.io
oracle.installer.ignoreDiskLabel = false
java.home = C:\Users\Siddh\AppData\Local\Temp\deinstall2021-03-17_11-25-00AM\jdk\jre
HOME_LOCATION_API = C:\app\Siddh\product\18.0.0\dbhomeXE
autoConfigureVIP_helpid = S_HELP_AUTOCONFIGURE_VIP@oracle.sysman.oii.oiir.OiirRuntimeRes
oracle.installer.waitforcompletion = false
java.endorsed.dirs = C:\Users\Siddh\AppData\Local\Temp\deinstall2021-03-17_11-25-00AM\jdk\jre\lib\endorsed
oracle.installer.silent = false
oracle.installer.suppressedSource = false
oracle.installer.rootshbackup = true
oracle.installer.fastcopy = true
sun.os.patch.level = 
java.vendor.url = http://java.oracle.com/
oracle.installer.acceptUntrustedCertificates = false
java.version = 1.8.0_171
sun.stdout.encoding = cp437
oracle.installer.cleanup = false
oracle.installer.suppressPostCopyScript = false
oracle.installer.installAddOns = false
oracle.installer.generateGUID = true
oracle.installer.help = false
oracle.srvm.formCluster = false
oracle.installer.silentVariableValidation = false
java.vendor.url.bug = http://bugreport.sun.com/bugreport/
oracle.installer.oui_loc = C:\Users\Siddh\AppData\Local\Temp\deinstall2021-03-17_11-25-00AM\oui
java.protocol.handler.pkgs = |oracle.sysman.oii
oracle.installer.addNode = false
user.name = Siddh
sun.io.unicode.encoding = UnicodeLittle
PID = 4
sun.jnu.encoding = Cp1252
java.runtime.name = Java(TM) SE Runtime Environment
oracle.installer.printmemory = false
oracle.installer.nobootStrap = false
oracle.installer.dynamicLoadOnPrereqRetry = true
oracle.installer.ntw32FoldersActions = true
pid = 7724
oracle.installer.preCloneSetup = false
oracle.installer.removeallfiles = false
java.specification.name = Java Platform API Specification
oracle.installer.exitOnPrereqFailure = false
user.timezone = Asia/Calcutta
user.script = 
path.separator = ;
file.encoding = Cp1252
oracle.installer.ignorePatchConflicts = false
sun.java.command = oracle.install.db.deinstall.wrapper.Deinstall -silent -paramfile C:\Users\Siddh\AppData\Local\Temp\deinstall2021-03-17_11-25-00AM\response\deinstall_2021-03-17_11-25-07-AM.rsp -paramfile C:\app\Siddh\product\18.0.0\deinstallXE.rsp -silent 1 -home C:\app\Siddh\product\18.0.0\dbhomeXE
oracle.installer.continueOnAllChecksPass = false
oracle.installer.executeSysPrereqs = false
oracle.installer.forceDeinstall = false
oracle.installer.timestamp = 2021-03-17_11-28-14AM
oracle.installer.detachHome = true
oracle.installer.timeStamp = 2021-03-17_11-25-07-AM
java.io.tmpdir = C:\Users\Siddh\AppData\Local\Temp\deinstall2021-03-17_11-25-00AM
oracle.installer.scratchPath = C:\Users\Siddh\AppData\Local\Temp\OraInstall2021-03-17_11-28-14AM
user.language = en
oracle.installer.skipACLSetting = false
line.separator = 

oracle.installer.enableRollingUpgrade = false
oracle.installer.deinstall = false
oracle.installer.rootshcumulative = false
BOOTSTRAP_DIR = C:\Users\Siddh\AppData\Local\Temp\deinstall2021-03-17_11-25-00AM
USER = 
oracle.installer.defaultHomeName = false
oracle.installer.ignoreSharedInventory = false
java.vm.info = mixed mode
sun.desktop = windows
java.vm.specification.name = Java Virtual Machine Specification
oracle.installer.cleanUpOnExit = true
PARAM_FILE_NAME = C:\Users\Siddh\AppData\Local\Temp\deinstall2021-03-17_11-25-00AM\response\deinstall_OraDB18Home1.rsp
exitOnMakeFailure_helpid = S_HELP_OPTION_EXITONMAKEFAILURE@oracle.sysman.oii.oiir.OiirRuntimeRes
oracle.installer.font = SansSerif
oracle.installer.summary_expand_nodes = Global,Langs,Space,NewInstalls,Upgrades,Reinstalls,Deinstalls,NewLangs
java.awt.printerjob = sun.awt.windows.WPrinterJob
oracle.installer.install.showproductname = true
oracle.installer.showVariables = false
oracle.installer.remoteActions = true
oracle.installer.supportBinaryInventory = false
oracle.installer.console = true
oracle.installer.welcome = true
os.name = Windows 10
oracle.installer.exitOnVarValidationFailure = false
java.specification.vendor = Oracle Corporation
java.vm.name = Java HotSpot(TM) 64-Bit Server VM
oracle.installer.updateNodeList = false
oracle.installer.suppressPreCopyScript = false
java.library.path = C:\Users\Siddh\AppData\Local\Temp\deinstall2021-03-17_11-25-00AM\jdk\jre\bin;C:\WINDOWS\Sun\Java\bin;C:\WINDOWS\system32;C:\WINDOWS;C:\Users\Siddh\AppData\Local\Temp\deinstall2021-03-17_11-25-00AM\bin;C:\WINDOWS\system32;C:\WINDOWS;C:\WINDOWS\System32\Wbem;.
oracle.installer.OBaseCleanupPtrLoc = C:\Users\Siddh\AppData\Local\Temp\deinstall2021-03-17_11-25-00AM\utl\orabase_cleanup.lst
ORACLE_HOME_NAME = OraDB18Home1
java.class.version = 52.0
oracle.installer.printdiskusage = false
oracle.installer.jre_loc = C:\Users\Siddh\AppData\Local\Temp\deinstall2021-03-17_11-25-00AM\jdk\jre
oracle.installer.copy = true
oracle.installer.config = true
oracle.installer.allDepHomes = false
oracle.installer.record = false
oracle.installer.remote = false
oracle.installer.install.showinstalledproducts = true
oracle.installer.fileActions = true
sun.boot.library.path = C:\Users\Siddh\AppData\Local\Temp\deinstall2021-03-17_11-25-00AM\jdk\jre\bin
example_ids = S_HELP_VARIABLE_DEFINITION,S_HELP_SESSION_VARIABLE_TITLE,S_HELP_SESSION_EX1,S_HELP_SESSION_EX2,S_HELP_SESSION_VARIABLE_LOOKUP,S_HELP_COMPONENT_VARIABLE_TITLE,S_HELP_COMPONENT_EX1,S_HELP_COMPONENT_EX2,S_HELP_COMPONENT_VARIABLE_LOOKUP
sun.management.compiler = HotSpot 64-Bit Tiered Compilers
java.awt.graphicsenv = sun.awt.Win32GraphicsEnvironment
user.variant = 
oracle.installer.install.showproductversion = true
oracle.installer.wait = true
oracle.installer.printtimeverbose = false
oracle.installer.clusterEnabled = true
WindowsRegistryCleanupList = C:\app\Siddh\product\18.0.0\\deinstall2021-03-03_11-52-41AM\utl\registry_cleanup.lst
oracle.installer.depHomesOnly = false
oracle.installer.clone = false
oracle.installer.removeAllPatches = false
java.vm.specification.version = 1.8
oracle.installer.noGUI = yes
oracle.installer.installUpdates = false
awt.toolkit = sun.awt.windows.WToolkit
sun.cpu.isalist = amd64
sun.stderr.encoding = cp437
java.ext.dirs = C:\Users\Siddh\AppData\Local\Temp\deinstall2021-03-17_11-25-00AM\jdk\jre\lib\ext;C:\WINDOWS\Sun\Java\lib\ext
oracle.installer.forceClone = false
os.version = 10.0
oracle.installer.appendConfigCommands = false
oracle.installer.backupInventory = true
user.home = C:\Users\Siddh
oracle.installer.testForAutoUpdates = false
java.vm.vendor = Oracle Corporation
oracle.installer.h = false
NOHOME = true
oracle.installer.exitOnStopInstall = false
oracle.installer.splash = true
DO_NOT_UPDATE_ORACLE_HOME_PROPERTIES = true
oracle.installer.putTimestamp = false
oracle.installer.mandatorySetup = false
user.dir = C:\Users\Siddh\AppData\Local\Temp\deinstall2021-03-17_11-25-00AM
oracle.installer.setCustomNodelist = false
oracle.installer.printtime = false
oracle.installer.executeRemotePrereqs = false
oracle.installer.updateNodeListEx = false
oracle.installer.exitonback = false
oracle.installer.oh_admin_acl = false
sun.cpu.endian = little
LOCAL_NODE = LAPTOP-CFOKPVP4
PROP_FILE_USED = C:\app\Siddh\product\18.0.0\deinstallXE.rsp
oracle.installer.link = true
oracle.installer.library_loc = C:\Users\Siddh\AppData\Local\Temp\deinstall2021-03-17_11-25-00AM\oui\lib\win64
java.vm.version = 25.171-b11
java.class.path = C:\Users\Siddh\AppData\Local\Temp\deinstall2021-03-17_11-25-00AM\jlib\deinstall_wrapper.jar;C:\Users\Siddh\AppData\Local\Temp\deinstall2021-03-17_11-25-00AM\install\jlib\instcommon.jar;C:\Users\Siddh\AppData\Local\Temp\deinstall2021-03-17_11-25-00AM\install\jlib\installcommons_1.0.0b.jar;C:\Users\Siddh\AppData\Local\Temp\deinstall2021-03-17_11-25-00AM\jlib\crsdc.jar;C:\Users\Siddh\AppData\Local\Temp\deinstall2021-03-17_11-25-00AM\jlib\vipca.jar;C:\Users\Siddh\AppData\Local\Temp\deinstall2021-03-17_11-25-00AM\jlib\cvu.jar;C:\Users\Siddh\AppData\Local\Temp\deinstall2021-03-17_11-25-00AM\oui\jlib\orai18n-mapping.jar;C:\Users\Siddh\AppData\Local\Temp\deinstall2021-03-17_11-25-00AM\jlib\srvm.jar;C:\Users\Siddh\AppData\Local\Temp\deinstall2021-03-17_11-25-00AM\jlib\srvmhas.jar;C:\Users\Siddh\AppData\Local\Temp\deinstall2021-03-17_11-25-00AM\jlib\deinstall_core.jar;C:\Users\Siddh\AppData\Local\Temp\deinstall2021-03-17_11-25-00AM\oui\jlib\OraInstaller.jar;C:\Users\Siddh\AppData\Local\Temp\deinstall2021-03-17_11-25-00AM\oui\jlib\OraCheckPoint.jar;C:\Users\Siddh\AppData\Local\Temp\deinstall2021-03-17_11-25-00AM\oui\jlib\OraPrereq.jar;C:\Users\Siddh\AppData\Local\Temp\deinstall2021-03-17_11-25-00AM\oui\jlib\share.jar:C:\Users\Siddh\AppData\Local\Temp\deinstall2021-03-17_11-25-00AM\jlib\ewt3.jar;C:\Users\Siddh\AppData\Local\Temp\deinstall2021-03-17_11-25-00AM\jlib\help4.jar;C:\Users\Siddh\AppData\Local\Temp\deinstall2021-03-17_11-25-00AM\oui\jlib\xmlparserv2.jar;C:\Users\Siddh\AppData\Local\Temp\deinstall2021-03-17_11-25-00AM\assistants\jlib\assistantsCommon.jar;C:\Users\Siddh\AppData\Local\Temp\deinstall2021-03-17_11-25-00AM\jlib\dbca.jar;C:\Users\Siddh\AppData\Local\Temp\deinstall2021-03-17_11-25-00AM\jlib\dbma.jar;C:\Users\Siddh\AppData\Local\Temp\deinstall2021-03-17_11-25-00AM\oui\jlib\OraPrereqChecks.jar;C:\Users\Siddh\AppData\Local\Temp\deinstall2021-03-17_11-25-00AM\jlib\srvmasm.jar;C:\Users\Siddh\AppData\Local\Temp\deinstall2021-03-17_11-25-00AM\assistants\netca\jlib\netca.jar;C:\Users\Siddh\AppData\Local\Temp\deinstall2021-03-17_11-25-00AM\jlib\netcam.jar;C:\Users\Siddh\AppData\Local\Temp\deinstall2021-03-17_11-25-00AM\jlib\netcfg.jar;C:\Users\Siddh\AppData\Local\Temp\deinstall2021-03-17_11-25-00AM\jlib\ldapjclnt18.jar;C:\Users\Siddh\AppData\Local\Temp\deinstall2021-03-17_11-25-00AM\jlib\srvmasm.jar;C:\Users\Siddh\AppData\Local\Temp\deinstall2021-03-17_11-25-00AM\oui\jlib\xmlparserv2.jar;C:\Users\Siddh\AppData\Local\Temp\deinstall2021-03-17_11-25-00AM\assistants\jlib\assistantsCommon.jar;C:\Users\Siddh\AppData\Local\Temp\deinstall2021-03-17_11-25-00AM\oui\jlib\share.jar;C:\Users\Siddh\AppData\Local\Temp\deinstall2021-03-17_11-25-00AM\jlib\emConfigInstall.jar;C:\Users\Siddh\AppData\Local\Temp\deinstall2021-03-17_11-25-00AM\jlib\emCORE.jar;C:\Users\Siddh\AppData\Local\Temp\deinstall2021-03-17_11-25-00AM\jlib\emca.jar;C:\Users\Siddh\AppData\Local\Temp\deinstall2021-03-17_11-25-00AM\oui\jlib\http_client.jar;C:\Users\Siddh\AppData\Local\Temp\deinstall2021-03-17_11-25-00AM\jlib\deconfigCCR.jar;C:\Users\Siddh\AppData\Local\Temp\deinstall2021-03-17_11-25-00AM\oui\jlib\srvm.jar;C:\Users\Siddh\AppData\Local\Temp\deinstall2021-03-17_11-25-00AM\ext\jlib\cvu.jar;C:\Users\Siddh\AppData\Local\Temp\deinstall2021-03-17_11-25-00AM\suptools\tfa\release\tfa_home\jlib\RATFA.jar
oracle.installer.oneclick = false
os.arch = amd64
oracle.installer.attachHome = false
oracle.installer.addLangs = false
oracle.installer.ignoreDiskWarning = false
oracle.installer.createLinkBackup = true
oracle.installer.compsdeinstall = true
oracle.installer.homepermissioncheck = true
oracle.installer.force = false
oracle.installer.cfs = false
oracle.installer.repeat = true
oracle.installer.doNotUpdateNodeList = false
sun.java.launcher = SUN_STANDARD
CRS_HOME = false
DC_HOME = C:\Users\Siddh\AppData\Local\Temp\deinstall2021-03-17_11-25-00AM
java.vm.specification.vendor = Oracle Corporation
oracle.installer.showLoadProgress = false
oracle.installer.defaultifyLanguages = false
file.separator = \
oracle.installer.ignorePreReq = false
java.runtime.version = 1.8.0_171-b11
sun.boot.class.path = C:\Users\Siddh\AppData\Local\Temp\deinstall2021-03-17_11-25-00AM\jdk\jre\lib\resources.jar;C:\Users\Siddh\AppData\Local\Temp\deinstall2021-03-17_11-25-00AM\jdk\jre\lib\rt.jar;C:\Users\Siddh\AppData\Local\Temp\deinstall2021-03-17_11-25-00AM\jdk\jre\lib\sunrsasign.jar;C:\Users\Siddh\AppData\Local\Temp\deinstall2021-03-17_11-25-00AM\jdk\jre\lib\jsse.jar;C:\Users\Siddh\AppData\Local\Temp\deinstall2021-03-17_11-25-00AM\jdk\jre\lib\jce.jar;C:\Users\Siddh\AppData\Local\Temp\deinstall2021-03-17_11-25-00AM\jdk\jre\lib\charsets.jar;C:\Users\Siddh\AppData\Local\Temp\deinstall2021-03-17_11-25-00AM\jdk\jre\lib\jfr.jar;C:\Users\Siddh\AppData\Local\Temp\deinstall2021-03-17_11-25-00AM\jdk\jre\classes
HOME_OPT = 0
LOGDIR = C:\Users\Siddh\logs\
oracle.installer.relink = false
user.country = IN
oracle.installer.ignoreSysPrereqs = false
oracle.installer.debug = false
oracle.installer.remoteInvocation = false
oracle.installer.local = false
oracle.installer.useExistingInventory = true
oracle.installer.clusterSwitch = false
oracle.installer.background = true
java.vendor = Oracle Corporation
oracle.installer.logCopyRequired = false
java.specification.version = 1.8
sun.arch.data.model = 64
==========================================================================================================================================
INFO: The access level of the inventory is 1
INFO: Trying to remove the home forcefully
INFO: Detaching the home
INFO: Removed the home by force, so setting the Comps vector to empty , to ensure that the inventory is updated with correct information
INFO: Remove home has been done. Now saving the inventory
INFO: Saving the install inventory which has the access of 1
INFO: Saving a backup of central inventory.
INFO: The flags set for this home (C:\app\Siddh\product\18.0.0\dbhomeXE) are:nodelist|removed
INFO: Home:C:\app\Siddh\product\18.0.0\dbhomeXE oraclehomeproperties.xml is not saved because the flags indicate no changes to this file.
INFO: Updating XML inventory.
INFO: Saving a backup of inventory for home:C:\app\Siddh\product\18.0.0\dbhomeXE
INFO: Saving comps.xml for C:\app\Siddh\product\18.0.0\dbhomeXE
INFO: Current Inventory:

INFO: Detach Oracle home 'C:\app\Siddh\product\18.0.0\dbhomeXE' from the central inventory on the local node : Done

INFO: Delete directory 'C:\app\Siddh\product\18.0.0\dbhomeXE' on the local node : Done

INFO: Delete directory 'C:\ProgramData\Microsoft\Windows\Start Menu\Programs\Oracle - OraDB18Home1' on the local node : Done

INFO: Removing oracle home 'C:\app\Siddh\product\18.0.0\dbhomeXE' from PATH variable on the local node : Done

INFO: Setting variable 'INVENTORY_LOCATION' to 'C:\Program Files\Oracle\Inventory'. Received the value from a code block.
INFO: The access level of the inventory is 1
INFO: Environment Variables: 

INFO: 	ORACLE_HOME = C:\app\Siddh\product\18.0.0\dbhomeXE

INFO: 	PATH = C:\Users\Siddh\AppData\Local\Temp\deinstall2021-03-17_11-25-00AM\bin;C:\WINDOWS\system32;C:\WINDOWS;C:\WINDOWS\System32\Wbem

INFO: 	CLASSPATH = 

INFO: Username:Siddh

INFO: 
=================================================================JVM PROPERTIES===========================================================
oracle.installer.warningonremovefiles = true
oracle.installer.removeHome = false
file.encoding.pkg = sun.io
oracle.installer.ignoreDiskLabel = false
java.home = C:\Users\Siddh\AppData\Local\Temp\deinstall2021-03-17_11-25-00AM\jdk\jre
HOME_LOCATION_API = C:\app\Siddh\product\18.0.0\dbhomeXE
autoConfigureVIP_helpid = S_HELP_AUTOCONFIGURE_VIP@oracle.sysman.oii.oiir.OiirRuntimeRes
oracle.installer.waitforcompletion = false
java.endorsed.dirs = C:\Users\Siddh\AppData\Local\Temp\deinstall2021-03-17_11-25-00AM\jdk\jre\lib\endorsed
oracle.installer.silent = false
oracle.installer.suppressedSource = false
oracle.installer.rootshbackup = true
oracle.installer.fastcopy = true
sun.os.patch.level = 
java.vendor.url = http://java.oracle.com/
oracle.installer.acceptUntrustedCertificates = false
java.version = 1.8.0_171
sun.stdout.encoding = cp437
oracle.installer.cleanup = false
oracle.installer.suppressPostCopyScript = false
oracle.installer.installAddOns = false
oracle.installer.generateGUID = true
oracle.installer.help = false
oracle.srvm.formCluster = false
oracle.installer.silentVariableValidation = false
java.vendor.url.bug = http://bugreport.sun.com/bugreport/
oracle.installer.oui_loc = C:\Users\Siddh\AppData\Local\Temp\deinstall2021-03-17_11-25-00AM\oui
java.protocol.handler.pkgs = |oracle.sysman.oii
oracle.installer.addNode = false
user.name = Siddh
sun.io.unicode.encoding = UnicodeLittle
PID = 4
sun.jnu.encoding = Cp1252
java.runtime.name = Java(TM) SE Runtime Environment
oracle.installer.printmemory = false
oracle.installer.nobootStrap = false
oracle.installer.dynamicLoadOnPrereqRetry = true
oracle.installer.ntw32FoldersActions = true
pid = 7724
oracle.installer.preCloneSetup = false
oracle.installer.removeallfiles = false
java.specification.name = Java Platform API Specification
oracle.installer.exitOnPrereqFailure = false
user.timezone = Asia/Calcutta
user.script = 
path.separator = ;
file.encoding = Cp1252
oracle.installer.ignorePatchConflicts = false
sun.java.command = oracle.install.db.deinstall.wrapper.Deinstall -silent -paramfile C:\Users\Siddh\AppData\Local\Temp\deinstall2021-03-17_11-25-00AM\response\deinstall_2021-03-17_11-25-07-AM.rsp -paramfile C:\app\Siddh\product\18.0.0\deinstallXE.rsp -silent 1 -home C:\app\Siddh\product\18.0.0\dbhomeXE
oracle.installer.continueOnAllChecksPass = false
oracle.installer.executeSysPrereqs = false
oracle.installer.forceDeinstall = false
oracle.installer.timestamp = 2021-03-17_11-28-14AM
oracle.installer.detachHome = true
oracle.installer.timeStamp = 2021-03-17_11-25-07-AM
java.io.tmpdir = C:\Users\Siddh\AppData\Local\Temp\deinstall2021-03-17_11-25-00AM
oracle.installer.scratchPath = C:\Users\Siddh\AppData\Local\Temp\OraInstall2021-03-17_11-28-14AM
user.language = en
oracle.installer.skipACLSetting = false
line.separator = 

oracle.installer.enableRollingUpgrade = false
oracle.installer.deinstall = false
oracle.installer.rootshcumulative = false
BOOTSTRAP_DIR = C:\Users\Siddh\AppData\Local\Temp\deinstall2021-03-17_11-25-00AM
USER = 
oracle.installer.defaultHomeName = false
oracle.installer.ignoreSharedInventory = false
java.vm.info = mixed mode
sun.desktop = windows
java.vm.specification.name = Java Virtual Machine Specification
oracle.installer.cleanUpOnExit = true
PARAM_FILE_NAME = C:\Users\Siddh\AppData\Local\Temp\deinstall2021-03-17_11-25-00AM\response\deinstall_OraDB18Home1.rsp
exitOnMakeFailure_helpid = S_HELP_OPTION_EXITONMAKEFAILURE@oracle.sysman.oii.oiir.OiirRuntimeRes
oracle.installer.font = SansSerif
oracle.installer.summary_expand_nodes = Global,Langs,Space,NewInstalls,Upgrades,Reinstalls,Deinstalls,NewLangs
java.awt.printerjob = sun.awt.windows.WPrinterJob
oracle.installer.install.showproductname = true
oracle.installer.showVariables = false
oracle.installer.remoteActions = true
oracle.installer.supportBinaryInventory = false
oracle.installer.console = true
oracle.installer.welcome = true
os.name = Windows 10
oracle.installer.exitOnVarValidationFailure = false
java.specification.vendor = Oracle Corporation
java.vm.name = Java HotSpot(TM) 64-Bit Server VM
oracle.installer.updateNodeList = false
oracle.installer.suppressPreCopyScript = false
java.library.path = C:\Users\Siddh\AppData\Local\Temp\deinstall2021-03-17_11-25-00AM\jdk\jre\bin;C:\WINDOWS\Sun\Java\bin;C:\WINDOWS\system32;C:\WINDOWS;C:\Users\Siddh\AppData\Local\Temp\deinstall2021-03-17_11-25-00AM\bin;C:\WINDOWS\system32;C:\WINDOWS;C:\WINDOWS\System32\Wbem;.
oracle.installer.OBaseCleanupPtrLoc = C:\Users\Siddh\AppData\Local\Temp\deinstall2021-03-17_11-25-00AM\utl\orabase_cleanup.lst
ORACLE_HOME_NAME = OraDB18Home1
java.class.version = 52.0
oracle.installer.printdiskusage = false
oracle.installer.jre_loc = C:\Users\Siddh\AppData\Local\Temp\deinstall2021-03-17_11-25-00AM\jdk\jre
oracle.installer.copy = true
oracle.installer.config = true
oracle.installer.allDepHomes = false
oracle.installer.record = false
oracle.installer.remote = false
oracle.installer.install.showinstalledproducts = true
oracle.installer.fileActions = true
sun.boot.library.path = C:\Users\Siddh\AppData\Local\Temp\deinstall2021-03-17_11-25-00AM\jdk\jre\bin
example_ids = S_HELP_VARIABLE_DEFINITION,S_HELP_SESSION_VARIABLE_TITLE,S_HELP_SESSION_EX1,S_HELP_SESSION_EX2,S_HELP_SESSION_VARIABLE_LOOKUP,S_HELP_COMPONENT_VARIABLE_TITLE,S_HELP_COMPONENT_EX1,S_HELP_COMPONENT_EX2,S_HELP_COMPONENT_VARIABLE_LOOKUP
sun.management.compiler = HotSpot 64-Bit Tiered Compilers
java.awt.graphicsenv = sun.awt.Win32GraphicsEnvironment
user.variant = 
oracle.installer.install.showproductversion = true
oracle.installer.wait = true
oracle.installer.printtimeverbose = false
oracle.installer.clusterEnabled = true
WindowsRegistryCleanupList = C:\app\Siddh\product\18.0.0\\deinstall2021-03-03_11-52-41AM\utl\registry_cleanup.lst
oracle.installer.depHomesOnly = false
oracle.installer.clone = false
oracle.installer.removeAllPatches = false
java.vm.specification.version = 1.8
oracle.installer.noGUI = yes
oracle.installer.installUpdates = false
awt.toolkit = sun.awt.windows.WToolkit
sun.cpu.isalist = amd64
sun.stderr.encoding = cp437
java.ext.dirs = C:\Users\Siddh\AppData\Local\Temp\deinstall2021-03-17_11-25-00AM\jdk\jre\lib\ext;C:\WINDOWS\Sun\Java\lib\ext
oracle.installer.forceClone = false
os.version = 10.0
oracle.installer.appendConfigCommands = false
oracle.installer.backupInventory = true
user.home = C:\Users\Siddh
oracle.installer.testForAutoUpdates = false
java.vm.vendor = Oracle Corporation
oracle.installer.h = false
NOHOME = true
oracle.installer.exitOnStopInstall = false
oracle.installer.splash = true
DO_NOT_UPDATE_ORACLE_HOME_PROPERTIES = true
oracle.installer.putTimestamp = false
oracle.installer.mandatorySetup = false
user.dir = C:\Users\Siddh\AppData\Local\Temp\deinstall2021-03-17_11-25-00AM
oracle.installer.setCustomNodelist = false
oracle.installer.printtime = false
oracle.installer.executeRemotePrereqs = false
oracle.installer.updateNodeListEx = false
oracle.installer.exitonback = false
oracle.installer.oh_admin_acl = false
sun.cpu.endian = little
LOCAL_NODE = LAPTOP-CFOKPVP4
PROP_FILE_USED = C:\app\Siddh\product\18.0.0\deinstallXE.rsp
oracle.installer.link = true
oracle.installer.library_loc = C:\Users\Siddh\AppData\Local\Temp\deinstall2021-03-17_11-25-00AM\oui\lib\win64
java.vm.version = 25.171-b11
java.class.path = C:\Users\Siddh\AppData\Local\Temp\deinstall2021-03-17_11-25-00AM\jlib\deinstall_wrapper.jar;C:\Users\Siddh\AppData\Local\Temp\deinstall2021-03-17_11-25-00AM\install\jlib\instcommon.jar;C:\Users\Siddh\AppData\Local\Temp\deinstall2021-03-17_11-25-00AM\install\jlib\installcommons_1.0.0b.jar;C:\Users\Siddh\AppData\Local\Temp\deinstall2021-03-17_11-25-00AM\jlib\crsdc.jar;C:\Users\Siddh\AppData\Local\Temp\deinstall2021-03-17_11-25-00AM\jlib\vipca.jar;C:\Users\Siddh\AppData\Local\Temp\deinstall2021-03-17_11-25-00AM\jlib\cvu.jar;C:\Users\Siddh\AppData\Local\Temp\deinstall2021-03-17_11-25-00AM\oui\jlib\orai18n-mapping.jar;C:\Users\Siddh\AppData\Local\Temp\deinstall2021-03-17_11-25-00AM\jlib\srvm.jar;C:\Users\Siddh\AppData\Local\Temp\deinstall2021-03-17_11-25-00AM\jlib\srvmhas.jar;C:\Users\Siddh\AppData\Local\Temp\deinstall2021-03-17_11-25-00AM\jlib\deinstall_core.jar;C:\Users\Siddh\AppData\Local\Temp\deinstall2021-03-17_11-25-00AM\oui\jlib\OraInstaller.jar;C:\Users\Siddh\AppData\Local\Temp\deinstall2021-03-17_11-25-00AM\oui\jlib\OraCheckPoint.jar;C:\Users\Siddh\AppData\Local\Temp\deinstall2021-03-17_11-25-00AM\oui\jlib\OraPrereq.jar;C:\Users\Siddh\AppData\Local\Temp\deinstall2021-03-17_11-25-00AM\oui\jlib\share.jar:C:\Users\Siddh\AppData\Local\Temp\deinstall2021-03-17_11-25-00AM\jlib\ewt3.jar;C:\Users\Siddh\AppData\Local\Temp\deinstall2021-03-17_11-25-00AM\jlib\help4.jar;C:\Users\Siddh\AppData\Local\Temp\deinstall2021-03-17_11-25-00AM\oui\jlib\xmlparserv2.jar;C:\Users\Siddh\AppData\Local\Temp\deinstall2021-03-17_11-25-00AM\assistants\jlib\assistantsCommon.jar;C:\Users\Siddh\AppData\Local\Temp\deinstall2021-03-17_11-25-00AM\jlib\dbca.jar;C:\Users\Siddh\AppData\Local\Temp\deinstall2021-03-17_11-25-00AM\jlib\dbma.jar;C:\Users\Siddh\AppData\Local\Temp\deinstall2021-03-17_11-25-00AM\oui\jlib\OraPrereqChecks.jar;C:\Users\Siddh\AppData\Local\Temp\deinstall2021-03-17_11-25-00AM\jlib\srvmasm.jar;C:\Users\Siddh\AppData\Local\Temp\deinstall2021-03-17_11-25-00AM\assistants\netca\jlib\netca.jar;C:\Users\Siddh\AppData\Local\Temp\deinstall2021-03-17_11-25-00AM\jlib\netcam.jar;C:\Users\Siddh\AppData\Local\Temp\deinstall2021-03-17_11-25-00AM\jlib\netcfg.jar;C:\Users\Siddh\AppData\Local\Temp\deinstall2021-03-17_11-25-00AM\jlib\ldapjclnt18.jar;C:\Users\Siddh\AppData\Local\Temp\deinstall2021-03-17_11-25-00AM\jlib\srvmasm.jar;C:\Users\Siddh\AppData\Local\Temp\deinstall2021-03-17_11-25-00AM\oui\jlib\xmlparserv2.jar;C:\Users\Siddh\AppData\Local\Temp\deinstall2021-03-17_11-25-00AM\assistants\jlib\assistantsCommon.jar;C:\Users\Siddh\AppData\Local\Temp\deinstall2021-03-17_11-25-00AM\oui\jlib\share.jar;C:\Users\Siddh\AppData\Local\Temp\deinstall2021-03-17_11-25-00AM\jlib\emConfigInstall.jar;C:\Users\Siddh\AppData\Local\Temp\deinstall2021-03-17_11-25-00AM\jlib\emCORE.jar;C:\Users\Siddh\AppData\Local\Temp\deinstall2021-03-17_11-25-00AM\jlib\emca.jar;C:\Users\Siddh\AppData\Local\Temp\deinstall2021-03-17_11-25-00AM\oui\jlib\http_client.jar;C:\Users\Siddh\AppData\Local\Temp\deinstall2021-03-17_11-25-00AM\jlib\deconfigCCR.jar;C:\Users\Siddh\AppData\Local\Temp\deinstall2021-03-17_11-25-00AM\oui\jlib\srvm.jar;C:\Users\Siddh\AppData\Local\Temp\deinstall2021-03-17_11-25-00AM\ext\jlib\cvu.jar;C:\Users\Siddh\AppData\Local\Temp\deinstall2021-03-17_11-25-00AM\suptools\tfa\release\tfa_home\jlib\RATFA.jar
oracle.installer.oneclick = false
os.arch = amd64
oracle.installer.attachHome = false
oracle.installer.addLangs = false
oracle.installer.ignoreDiskWarning = false
oracle.installer.createLinkBackup = true
oracle.installer.compsdeinstall = true
oracle.installer.homepermissioncheck = true
oracle.installer.force = false
oracle.installer.cfs = false
oracle.installer.repeat = true
oracle.installer.doNotUpdateNodeList = false
sun.java.launcher = SUN_STANDARD
CRS_HOME = false
DC_HOME = C:\Users\Siddh\AppData\Local\Temp\deinstall2021-03-17_11-25-00AM
java.vm.specification.vendor = Oracle Corporation
oracle.installer.showLoadProgress = false
oracle.installer.defaultifyLanguages = false
file.separator = \
oracle.installer.ignorePreReq = false
java.runtime.version = 1.8.0_171-b11
sun.boot.class.path = C:\Users\Siddh\AppData\Local\Temp\deinstall2021-03-17_11-25-00AM\jdk\jre\lib\resources.jar;C:\Users\Siddh\AppData\Local\Temp\deinstall2021-03-17_11-25-00AM\jdk\jre\lib\rt.jar;C:\Users\Siddh\AppData\Local\Temp\deinstall2021-03-17_11-25-00AM\jdk\jre\lib\sunrsasign.jar;C:\Users\Siddh\AppData\Local\Temp\deinstall2021-03-17_11-25-00AM\jdk\jre\lib\jsse.jar;C:\Users\Siddh\AppData\Local\Temp\deinstall2021-03-17_11-25-00AM\jdk\jre\lib\jce.jar;C:\Users\Siddh\AppData\Local\Temp\deinstall2021-03-17_11-25-00AM\jdk\jre\lib\charsets.jar;C:\Users\Siddh\AppData\Local\Temp\deinstall2021-03-17_11-25-00AM\jdk\jre\lib\jfr.jar;C:\Users\Siddh\AppData\Local\Temp\deinstall2021-03-17_11-25-00AM\jdk\jre\classes
HOME_OPT = 0
LOGDIR = C:\Users\Siddh\logs\
oracle.installer.relink = false
user.country = IN
oracle.installer.ignoreSysPrereqs = false
oracle.installer.debug = false
oracle.installer.remoteInvocation = false
oracle.installer.local = false
oracle.installer.useExistingInventory = true
oracle.installer.clusterSwitch = false
oracle.installer.background = true
java.vendor = Oracle Corporation
oracle.installer.logCopyRequired = false
java.specification.version = 1.8
sun.arch.data.model = 64
==========================================================================================================================================
INFO: Delete directory 'C:\Program Files\Oracle\Inventory' on the local node : Done

INFO: Delete Registry key 'HKEY_LOCAL_MACHINE\Software\Oracle\inst_loc' on the local node : Done

INFO: Setting variable 'INVENTORY_LOCATION' to 'C:\Program Files\Oracle\Inventory'. Received the value from a code block.
INFO: The access level of the inventory is 1
INFO: The Oracle Base directory 'C:\app\Siddh\product\18.0.0' will not be removed on local node. The directory is not empty. User needs to manually cleanup this directory.

INFO: Setting variable 'REMOTE_NODES' to ''. Received the value from a code block.
INFO: Oracle Universal Installer cleanup was successful.

INFO: Environment Variables: 

INFO: 	ORACLE_HOME = C:\app\Siddh\product\18.0.0\dbhomeXE

INFO: 	PATH = C:\Users\Siddh\AppData\Local\Temp\deinstall2021-03-17_11-25-00AM\bin;C:\WINDOWS\system32;C:\WINDOWS;C:\WINDOWS\System32\Wbem

INFO: 	CLASSPATH = 

INFO: Username:Siddh

INFO: 
=================================================================JVM PROPERTIES===========================================================
oracle.installer.warningonremovefiles = true
oracle.installer.removeHome = false
file.encoding.pkg = sun.io
oracle.installer.ignoreDiskLabel = false
java.home = C:\Users\Siddh\AppData\Local\Temp\deinstall2021-03-17_11-25-00AM\jdk\jre
HOME_LOCATION_API = C:\app\Siddh\product\18.0.0\dbhomeXE
autoConfigureVIP_helpid = S_HELP_AUTOCONFIGURE_VIP@oracle.sysman.oii.oiir.OiirRuntimeRes
oracle.installer.waitforcompletion = false
java.endorsed.dirs = C:\Users\Siddh\AppData\Local\Temp\deinstall2021-03-17_11-25-00AM\jdk\jre\lib\endorsed
oracle.installer.silent = false
oracle.installer.suppressedSource = false
oracle.installer.rootshbackup = true
oracle.installer.fastcopy = true
sun.os.patch.level = 
java.vendor.url = http://java.oracle.com/
oracle.installer.acceptUntrustedCertificates = false
java.version = 1.8.0_171
sun.stdout.encoding = cp437
oracle.installer.cleanup = false
oracle.installer.suppressPostCopyScript = false
oracle.installer.installAddOns = false
oracle.installer.generateGUID = true
oracle.installer.help = false
oracle.srvm.formCluster = false
oracle.installer.silentVariableValidation = false
java.vendor.url.bug = http://bugreport.sun.com/bugreport/
oracle.installer.oui_loc = C:\Users\Siddh\AppData\Local\Temp\deinstall2021-03-17_11-25-00AM\oui
java.protocol.handler.pkgs = |oracle.sysman.oii
oracle.installer.addNode = false
user.name = Siddh
sun.io.unicode.encoding = UnicodeLittle
PID = 4
sun.jnu.encoding = Cp1252
java.runtime.name = Java(TM) SE Runtime Environment
oracle.installer.printmemory = false
oracle.installer.nobootStrap = false
oracle.installer.dynamicLoadOnPrereqRetry = true
oracle.installer.ntw32FoldersActions = true
pid = 7724
oracle.installer.preCloneSetup = false
oracle.installer.removeallfiles = false
java.specification.name = Java Platform API Specification
oracle.installer.exitOnPrereqFailure = false
user.timezone = Asia/Calcutta
user.script = 
path.separator = ;
file.encoding = Cp1252
oracle.installer.ignorePatchConflicts = false
sun.java.command = oracle.install.db.deinstall.wrapper.Deinstall -silent -paramfile C:\Users\Siddh\AppData\Local\Temp\deinstall2021-03-17_11-25-00AM\response\deinstall_2021-03-17_11-25-07-AM.rsp -paramfile C:\app\Siddh\product\18.0.0\deinstallXE.rsp -silent 1 -home C:\app\Siddh\product\18.0.0\dbhomeXE
oracle.installer.continueOnAllChecksPass = false
oracle.installer.executeSysPrereqs = false
oracle.installer.forceDeinstall = false
oracle.installer.timestamp = 2021-03-17_11-28-14AM
oracle.installer.detachHome = true
oracle.installer.timeStamp = 2021-03-17_11-25-07-AM
java.io.tmpdir = C:\Users\Siddh\AppData\Local\Temp\deinstall2021-03-17_11-25-00AM
oracle.installer.scratchPath = C:\Users\Siddh\AppData\Local\Temp\OraInstall2021-03-17_11-28-14AM
user.language = en
oracle.installer.skipACLSetting = false
line.separator = 

oracle.installer.enableRollingUpgrade = false
oracle.installer.deinstall = false
oracle.installer.rootshcumulative = false
BOOTSTRAP_DIR = C:\Users\Siddh\AppData\Local\Temp\deinstall2021-03-17_11-25-00AM
USER = 
oracle.installer.defaultHomeName = false
oracle.installer.ignoreSharedInventory = false
java.vm.info = mixed mode
sun.desktop = windows
java.vm.specification.name = Java Virtual Machine Specification
oracle.installer.cleanUpOnExit = true
PARAM_FILE_NAME = C:\Users\Siddh\AppData\Local\Temp\deinstall2021-03-17_11-25-00AM\response\deinstall_OraDB18Home1.rsp
exitOnMakeFailure_helpid = S_HELP_OPTION_EXITONMAKEFAILURE@oracle.sysman.oii.oiir.OiirRuntimeRes
oracle.installer.font = SansSerif
oracle.installer.summary_expand_nodes = Global,Langs,Space,NewInstalls,Upgrades,Reinstalls,Deinstalls,NewLangs
java.awt.printerjob = sun.awt.windows.WPrinterJob
oracle.installer.install.showproductname = true
oracle.installer.showVariables = false
oracle.installer.remoteActions = true
oracle.installer.supportBinaryInventory = false
oracle.installer.console = true
oracle.installer.welcome = true
os.name = Windows 10
oracle.installer.exitOnVarValidationFailure = false
java.specification.vendor = Oracle Corporation
java.vm.name = Java HotSpot(TM) 64-Bit Server VM
oracle.installer.updateNodeList = false
oracle.installer.suppressPreCopyScript = false
java.library.path = C:\Users\Siddh\AppData\Local\Temp\deinstall2021-03-17_11-25-00AM\jdk\jre\bin;C:\WINDOWS\Sun\Java\bin;C:\WINDOWS\system32;C:\WINDOWS;C:\Users\Siddh\AppData\Local\Temp\deinstall2021-03-17_11-25-00AM\bin;C:\WINDOWS\system32;C:\WINDOWS;C:\WINDOWS\System32\Wbem;.
oracle.installer.OBaseCleanupPtrLoc = C:\Users\Siddh\AppData\Local\Temp\deinstall2021-03-17_11-25-00AM\utl\orabase_cleanup.lst
ORACLE_HOME_NAME = OraDB18Home1
java.class.version = 52.0
oracle.installer.printdiskusage = false
oracle.installer.jre_loc = C:\Users\Siddh\AppData\Local\Temp\deinstall2021-03-17_11-25-00AM\jdk\jre
oracle.installer.copy = true
oracle.installer.config = true
oracle.installer.allDepHomes = false
oracle.installer.record = false
oracle.installer.remote = false
oracle.installer.install.showinstalledproducts = true
oracle.installer.fileActions = true
sun.boot.library.path = C:\Users\Siddh\AppData\Local\Temp\deinstall2021-03-17_11-25-00AM\jdk\jre\bin
example_ids = S_HELP_VARIABLE_DEFINITION,S_HELP_SESSION_VARIABLE_TITLE,S_HELP_SESSION_EX1,S_HELP_SESSION_EX2,S_HELP_SESSION_VARIABLE_LOOKUP,S_HELP_COMPONENT_VARIABLE_TITLE,S_HELP_COMPONENT_EX1,S_HELP_COMPONENT_EX2,S_HELP_COMPONENT_VARIABLE_LOOKUP
sun.management.compiler = HotSpot 64-Bit Tiered Compilers
java.awt.graphicsenv = sun.awt.Win32GraphicsEnvironment
user.variant = 
oracle.installer.install.showproductversion = true
oracle.installer.wait = true
oracle.installer.printtimeverbose = false
oracle.installer.clusterEnabled = true
WindowsRegistryCleanupList = C:\app\Siddh\product\18.0.0\\deinstall2021-03-03_11-52-41AM\utl\registry_cleanup.lst
oracle.installer.depHomesOnly = false
oracle.installer.clone = false
oracle.installer.removeAllPatches = false
java.vm.specification.version = 1.8
oracle.installer.noGUI = yes
oracle.installer.installUpdates = false
awt.toolkit = sun.awt.windows.WToolkit
sun.cpu.isalist = amd64
sun.stderr.encoding = cp437
java.ext.dirs = C:\Users\Siddh\AppData\Local\Temp\deinstall2021-03-17_11-25-00AM\jdk\jre\lib\ext;C:\WINDOWS\Sun\Java\lib\ext
oracle.installer.forceClone = false
os.version = 10.0
oracle.installer.appendConfigCommands = false
oracle.installer.backupInventory = true
user.home = C:\Users\Siddh
oracle.installer.testForAutoUpdates = false
java.vm.vendor = Oracle Corporation
oracle.installer.h = false
NOHOME = true
oracle.installer.exitOnStopInstall = false
oracle.installer.splash = true
DO_NOT_UPDATE_ORACLE_HOME_PROPERTIES = true
oracle.installer.putTimestamp = false
oracle.installer.mandatorySetup = false
user.dir = C:\Users\Siddh\AppData\Local\Temp\deinstall2021-03-17_11-25-00AM
oracle.installer.setCustomNodelist = false
oracle.installer.printtime = false
oracle.installer.executeRemotePrereqs = false
oracle.installer.updateNodeListEx = false
oracle.installer.exitonback = false
oracle.installer.oh_admin_acl = false
sun.cpu.endian = little
LOCAL_NODE = LAPTOP-CFOKPVP4
PROP_FILE_USED = C:\app\Siddh\product\18.0.0\deinstallXE.rsp
oracle.installer.link = true
oracle.installer.library_loc = C:\Users\Siddh\AppData\Local\Temp\deinstall2021-03-17_11-25-00AM\oui\lib\win64
java.vm.version = 25.171-b11
java.class.path = C:\Users\Siddh\AppData\Local\Temp\deinstall2021-03-17_11-25-00AM\jlib\deinstall_wrapper.jar;C:\Users\Siddh\AppData\Local\Temp\deinstall2021-03-17_11-25-00AM\install\jlib\instcommon.jar;C:\Users\Siddh\AppData\Local\Temp\deinstall2021-03-17_11-25-00AM\install\jlib\installcommons_1.0.0b.jar;C:\Users\Siddh\AppData\Local\Temp\deinstall2021-03-17_11-25-00AM\jlib\crsdc.jar;C:\Users\Siddh\AppData\Local\Temp\deinstall2021-03-17_11-25-00AM\jlib\vipca.jar;C:\Users\Siddh\AppData\Local\Temp\deinstall2021-03-17_11-25-00AM\jlib\cvu.jar;C:\Users\Siddh\AppData\Local\Temp\deinstall2021-03-17_11-25-00AM\oui\jlib\orai18n-mapping.jar;C:\Users\Siddh\AppData\Local\Temp\deinstall2021-03-17_11-25-00AM\jlib\srvm.jar;C:\Users\Siddh\AppData\Local\Temp\deinstall2021-03-17_11-25-00AM\jlib\srvmhas.jar;C:\Users\Siddh\AppData\Local\Temp\deinstall2021-03-17_11-25-00AM\jlib\deinstall_core.jar;C:\Users\Siddh\AppData\Local\Temp\deinstall2021-03-17_11-25-00AM\oui\jlib\OraInstaller.jar;C:\Users\Siddh\AppData\Local\Temp\deinstall2021-03-17_11-25-00AM\oui\jlib\OraCheckPoint.jar;C:\Users\Siddh\AppData\Local\Temp\deinstall2021-03-17_11-25-00AM\oui\jlib\OraPrereq.jar;C:\Users\Siddh\AppData\Local\Temp\deinstall2021-03-17_11-25-00AM\oui\jlib\share.jar:C:\Users\Siddh\AppData\Local\Temp\deinstall2021-03-17_11-25-00AM\jlib\ewt3.jar;C:\Users\Siddh\AppData\Local\Temp\deinstall2021-03-17_11-25-00AM\jlib\help4.jar;C:\Users\Siddh\AppData\Local\Temp\deinstall2021-03-17_11-25-00AM\oui\jlib\xmlparserv2.jar;C:\Users\Siddh\AppData\Local\Temp\deinstall2021-03-17_11-25-00AM\assistants\jlib\assistantsCommon.jar;C:\Users\Siddh\AppData\Local\Temp\deinstall2021-03-17_11-25-00AM\jlib\dbca.jar;C:\Users\Siddh\AppData\Local\Temp\deinstall2021-03-17_11-25-00AM\jlib\dbma.jar;C:\Users\Siddh\AppData\Local\Temp\deinstall2021-03-17_11-25-00AM\oui\jlib\OraPrereqChecks.jar;C:\Users\Siddh\AppData\Local\Temp\deinstall2021-03-17_11-25-00AM\jlib\srvmasm.jar;C:\Users\Siddh\AppData\Local\Temp\deinstall2021-03-17_11-25-00AM\assistants\netca\jlib\netca.jar;C:\Users\Siddh\AppData\Local\Temp\deinstall2021-03-17_11-25-00AM\jlib\netcam.jar;C:\Users\Siddh\AppData\Local\Temp\deinstall2021-03-17_11-25-00AM\jlib\netcfg.jar;C:\Users\Siddh\AppData\Local\Temp\deinstall2021-03-17_11-25-00AM\jlib\ldapjclnt18.jar;C:\Users\Siddh\AppData\Local\Temp\deinstall2021-03-17_11-25-00AM\jlib\srvmasm.jar;C:\Users\Siddh\AppData\Local\Temp\deinstall2021-03-17_11-25-00AM\oui\jlib\xmlparserv2.jar;C:\Users\Siddh\AppData\Local\Temp\deinstall2021-03-17_11-25-00AM\assistants\jlib\assistantsCommon.jar;C:\Users\Siddh\AppData\Local\Temp\deinstall2021-03-17_11-25-00AM\oui\jlib\share.jar;C:\Users\Siddh\AppData\Local\Temp\deinstall2021-03-17_11-25-00AM\jlib\emConfigInstall.jar;C:\Users\Siddh\AppData\Local\Temp\deinstall2021-03-17_11-25-00AM\jlib\emCORE.jar;C:\Users\Siddh\AppData\Local\Temp\deinstall2021-03-17_11-25-00AM\jlib\emca.jar;C:\Users\Siddh\AppData\Local\Temp\deinstall2021-03-17_11-25-00AM\oui\jlib\http_client.jar;C:\Users\Siddh\AppData\Local\Temp\deinstall2021-03-17_11-25-00AM\jlib\deconfigCCR.jar;C:\Users\Siddh\AppData\Local\Temp\deinstall2021-03-17_11-25-00AM\oui\jlib\srvm.jar;C:\Users\Siddh\AppData\Local\Temp\deinstall2021-03-17_11-25-00AM\ext\jlib\cvu.jar;C:\Users\Siddh\AppData\Local\Temp\deinstall2021-03-17_11-25-00AM\suptools\tfa\release\tfa_home\jlib\RATFA.jar
oracle.installer.oneclick = false
os.arch = amd64
oracle.installer.attachHome = false
oracle.installer.addLangs = false
oracle.installer.ignoreDiskWarning = false
oracle.installer.createLinkBackup = true
oracle.installer.compsdeinstall = true
oracle.installer.homepermissioncheck = true
oracle.installer.force = false
oracle.installer.cfs = false
oracle.installer.repeat = true
oracle.installer.doNotUpdateNodeList = false
sun.java.launcher = SUN_STANDARD
CRS_HOME = false
DC_HOME = C:\Users\Siddh\AppData\Local\Temp\deinstall2021-03-17_11-25-00AM
java.vm.specification.vendor = Oracle Corporation
oracle.installer.showLoadProgress = false
oracle.installer.defaultifyLanguages = false
file.separator = \
oracle.installer.ignorePreReq = false
java.runtime.version = 1.8.0_171-b11
sun.boot.class.path = C:\Users\Siddh\AppData\Local\Temp\deinstall2021-03-17_11-25-00AM\jdk\jre\lib\resources.jar;C:\Users\Siddh\AppData\Local\Temp\deinstall2021-03-17_11-25-00AM\jdk\jre\lib\rt.jar;C:\Users\Siddh\AppData\Local\Temp\deinstall2021-03-17_11-25-00AM\jdk\jre\lib\sunrsasign.jar;C:\Users\Siddh\AppData\Local\Temp\deinstall2021-03-17_11-25-00AM\jdk\jre\lib\jsse.jar;C:\Users\Siddh\AppData\Local\Temp\deinstall2021-03-17_11-25-00AM\jdk\jre\lib\jce.jar;C:\Users\Siddh\AppData\Local\Temp\deinstall2021-03-17_11-25-00AM\jdk\jre\lib\charsets.jar;C:\Users\Siddh\AppData\Local\Temp\deinstall2021-03-17_11-25-00AM\jdk\jre\lib\jfr.jar;C:\Users\Siddh\AppData\Local\Temp\deinstall2021-03-17_11-25-00AM\jdk\jre\classes
HOME_OPT = 0
LOGDIR = C:\Users\Siddh\logs\
oracle.installer.relink = false
user.country = IN
oracle.installer.ignoreSysPrereqs = false
oracle.installer.debug = false
oracle.installer.remoteInvocation = false
oracle.installer.local = false
oracle.installer.useExistingInventory = true
oracle.installer.clusterSwitch = false
oracle.installer.background = true
java.vendor = Oracle Corporation
oracle.installer.logCopyRequired = false
java.specification.version = 1.8
sun.arch.data.model = 64
==========================================================================================================================================
INFO: You can find a log of this session at:
'C:\Users\Siddh\logs\\Cleanup2021-03-17_11-28-14AM.log'

INFO: Ending the Inventory Session which was created
INFO: Ending the inventory Session 
INFO: Disposing the install area control objects
INFO: Creating a new Install area Control for this inventory session with new  access level  0
INFO: Ending the inventory Session 
