"Deconfiguring ODE.NET Component..."
"Deconfiguring NTOLEDB Component..."
"Deconfiguring ORAMTS Component..."
"Deconfiguring ASP.NET Component..."
The operation completed successfully.

The operation completed successfully.

"Deconfiguring ODP.NET Component..."
"Calling ODP_NET_CLEANUP"
The operation completed successfully.

The operation completed successfully.

The operation completed successfully.

The operation completed successfully.

The operation completed successfully.

The operation completed successfully.

The operation completed successfully.

The operation completed successfully.

The operation completed successfully.

The operation completed successfully.

"Deconfiguring ODE.NET Component..."
"Deconfiguring NTOLEDB Component..."
"Deconfiguring ORAMTS Component..."
"Deconfiguring ASP.NET Component..."
The operation completed successfully.

The operation completed successfully.

"Deconfiguring ODP.NET Component..."
"Calling ODP_NET_CLEANUP"
The operation completed successfully.

The operation completed successfully.

The operation completed successfully.

The operation completed successfully.

The operation completed successfully.

The operation completed successfully.

The operation completed successfully.

The operation completed successfully.

The operation completed successfully.

The operation completed successfully.

"Deconfiguring NTOLEDBOLAP Component..."
"Deconfiguring ODE.NET Component..."
"Deconfiguring NTOLEDB Component..."
"Deconfiguring ORAMTS Component..."
"Deconfiguring ASP.NET Component..."
"Deconfiguring ODP.NET Component..."
"Calling ODP_NET_CLEANUP"
