audit_file_dest
audit_trail
compatible
control_files
db_block_size
db_name
diagnostic_dest
dispatchers
enable_pluggable_database
local_listener
nls_language
nls_territory
open_cursors
pga_aggregate_target
processes
remote_login_passwordfile
sga_target
undo_tablespace
C:\APP\SIDDH\PRODUCT\18.0.0\ADMIN\XE\ADUMP
DB
18.0.0
C:\APP\SIDDH\PRODUCT\18.0.0\ORADATA\XE\CONTROL01.CTL, C:\APP\SIDDH\PRODUCT\18.0.0\ORADATA\XE\CONTROL02.CTL
8192
XE
C:\APP\SIDDH\PRODUCT\18.0.0
(PROTOCOL=TCP) (SERVICE=XEXDB)
TRUE
LISTENER_XE
AMERICAN
AMERICA
300
536870912
960
EXCLUSIVE
1610612736
UNDOTBS1
processes
nls_language
nls_territory
sga_target
control_files
control_files
db_block_size
compatible
undo_tablespace
remote_login_passwordfile
dispatchers
local_listener
audit_file_dest
audit_trail
db_name
open_cursors
pga_aggregate_target
diagnostic_dest
enable_pluggable_database
processes
nls_language
nls_territory
sga_target
control_files
control_files
db_block_size
compatible
undo_tablespace
remote_login_passwordfile
dispatchers
local_listener
audit_file_dest
audit_trail
db_name
open_cursors
pga_aggregate_target
diagnostic_dest
enable_pluggable_database
C:\APP\SIDDH\PRODUCT\18.0.0\DBHOMEXE\DATABASE\SPFILEXE.ORA
audit_file_dest
audit_trail
compatible
control_files
db_block_size
db_name
diagnostic_dest
dispatchers
enable_pluggable_database
local_listener
nls_language
nls_territory
open_cursors
pga_aggregate_target
processes
remote_login_passwordfile
sga_target
undo_tablespace
C:\APP\SIDDH\PRODUCT\18.0.0\ADMIN\XE\ADUMP
DB
18.0.0
C:\APP\SIDDH\PRODUCT\18.0.0\ORADATA\XE\CONTROL01.CTL, C:\APP\SIDDH\PRODUCT\18.0.0\ORADATA\XE\CONTROL02.CTL
8192
XE
C:\APP\SIDDH\PRODUCT\18.0.0
(PROTOCOL=TCP) (SERVICE=XEXDB)
TRUE
LISTENER_XE
AMERICAN
AMERICA
300
536870912
960
EXCLUSIVE
1610612736
UNDOTBS1
processes
nls_language
nls_territory
sga_target
control_files
control_files
db_block_size
compatible
undo_tablespace
remote_login_passwordfile
dispatchers
local_listener
audit_file_dest
audit_trail
db_name
open_cursors
pga_aggregate_target
diagnostic_dest
enable_pluggable_database
processes
nls_language
nls_territory
sga_target
control_files
control_files
db_block_size
compatible
undo_tablespace
remote_login_passwordfile
dispatchers
local_listener
audit_file_dest
audit_trail
db_name
open_cursors
pga_aggregate_target
diagnostic_dest
enable_pluggable_database
C:\APP\SIDDH\PRODUCT\18.0.0\DBHOMEXE\DATABASE\SPFILEXE.ORA
