C:\APP\SIDDH\PRODUCT\18.0.0\ORADATA\XE\REDO03.LOG
C:\APP\SIDDH\PRODUCT\18.0.0\ORADATA\XE\REDO02.LOG
C:\APP\SIDDH\PRODUCT\18.0.0\ORADATA\XE\REDO01.LOG
C:\APP\SIDDH\PRODUCT\18.0.0\ORADATA\XE\SYSAUX01.DBF
C:\APP\SIDDH\PRODUCT\18.0.0\ORADATA\XE\SYSTEM01.DBF
C:\APP\SIDDH\PRODUCT\18.0.0\ORADATA\XE\UNDOTBS01.DBF
C:\APP\SIDDH\PRODUCT\18.0.0\ORADATA\XE\USERS01.DBF
C:\APP\SIDDH\PRODUCT\18.0.0\ORADATA\XE\XEPDB1\SYSAUX01.DBF
C:\APP\SIDDH\PRODUCT\18.0.0\ORADATA\XE\XEPDB1\SYSTEM01.DBF
C:\APP\SIDDH\PRODUCT\18.0.0\ORADATA\XE\XEPDB1\UNDOTBS01.DBF
C:\APP\SIDDH\PRODUCT\18.0.0\ORADATA\XE\XEPDB1\USERS01.DBF
CDB$ROOT
PDB$SEED
XEPDB1
C:\APP\SIDDH\PRODUCT\18.0.0\ORADATA\XE\PDBSEED\SYSAUX01.DBF
C:\APP\SIDDH\PRODUCT\18.0.0\ORADATA\XE\PDBSEED\SYSTEM01.DBF
C:\APP\SIDDH\PRODUCT\18.0.0\ORADATA\XE\PDBSEED\UNDOTBS01.DBF
C:\APP\SIDDH\PRODUCT\18.0.0\ORADATA\XE\TEMP01.DBF
C:\APP\SIDDH\PRODUCT\18.0.0\ORADATA\XE\XEPDB1\TEMP01.DBF
CDB$ROOT
PDB$SEED
XEPDB1
C:\APP\SIDDH\PRODUCT\18.0.0\ORADATA\XE\PDBSEED\TEMP012021-02-24_12-10-52-437-PM.DBF
C:\APP\SIDDH\PRODUCT\18.0.0\ORADATA\XE\CONTROL01.CTL
C:\APP\SIDDH\PRODUCT\18.0.0\ORADATA\XE\CONTROL02.CTL
NOARCHIVELOG
Database closed.
Database dismounted.
ORACLE instance shut down.
C:\APP\SIDDH\PRODUCT\18.0.0\ORADATA\XE\REDO03.LOG
C:\APP\SIDDH\PRODUCT\18.0.0\ORADATA\XE\REDO02.LOG
C:\APP\SIDDH\PRODUCT\18.0.0\ORADATA\XE\REDO01.LOG
C:\APP\SIDDH\PRODUCT\18.0.0\ORADATA\XE\SYSAUX01.DBF
C:\APP\SIDDH\PRODUCT\18.0.0\ORADATA\XE\SYSTEM01.DBF
C:\APP\SIDDH\PRODUCT\18.0.0\ORADATA\XE\UNDOTBS01.DBF
C:\APP\SIDDH\PRODUCT\18.0.0\ORADATA\XE\USERS01.DBF
C:\APP\SIDDH\PRODUCT\18.0.0\ORADATA\XE\XEPDB1\SYSAUX01.DBF
C:\APP\SIDDH\PRODUCT\18.0.0\ORADATA\XE\XEPDB1\SYSTEM01.DBF
C:\APP\SIDDH\PRODUCT\18.0.0\ORADATA\XE\XEPDB1\UNDOTBS01.DBF
C:\APP\SIDDH\PRODUCT\18.0.0\ORADATA\XE\XEPDB1\USERS01.DBF
CDB$ROOT
PDB$SEED
XEPDB1
C:\APP\SIDDH\PRODUCT\18.0.0\ORADATA\XE\PDBSEED\SYSAUX01.DBF
C:\APP\SIDDH\PRODUCT\18.0.0\ORADATA\XE\PDBSEED\SYSTEM01.DBF
C:\APP\SIDDH\PRODUCT\18.0.0\ORADATA\XE\PDBSEED\UNDOTBS01.DBF
C:\APP\SIDDH\PRODUCT\18.0.0\ORADATA\XE\TEMP01.DBF
C:\APP\SIDDH\PRODUCT\18.0.0\ORADATA\XE\XEPDB1\TEMP01.DBF
CDB$ROOT
PDB$SEED
XEPDB1
C:\APP\SIDDH\PRODUCT\18.0.0\ORADATA\XE\PDBSEED\TEMP012021-03-03_12-13-24-253-PM.DBF
C:\APP\SIDDH\PRODUCT\18.0.0\ORADATA\XE\CONTROL01.CTL
C:\APP\SIDDH\PRODUCT\18.0.0\ORADATA\XE\CONTROL02.CTL
NOARCHIVELOG
Database closed.
Database dismounted.
ORACLE instance shut down.
